app/build/intermediates/manifest_merge_blame_file/debug/manifest-merger-blame-debug-report.txt
1<?xml version="1.0" encoding="utf-8"?>
2<manifest xmlns:android="http://schemas.android.com/apk/res/android"
3    package="com.sample.musicx"
4    android:versionCode="1"
5    android:versionName="1.0" >
6
7    <uses-sdk
8        android:minSdkVersion="21"
8-->src\main\AndroidManifest.xml
9        android:targetSdkVersion="29" />
9-->src\main\AndroidManifest.xml
10
11    <uses-permission android:name="android.permission.READ_EXTERNAL_STORAGE" />
11-->src\main\AndroidManifest.xml:5:5-80
11-->src\main\AndroidManifest.xml:5:22-77
12    <uses-permission android:name="android.permission.FOREGROUND_SERVICE" />
12-->src\main\AndroidManifest.xml:6:5-77
12-->src\main\AndroidManifest.xml:6:22-74
13    <uses-permission android:name="android.permission.INTERNET" />
13-->[com.amitshekhar.android:debug-db-base:1.0.6] AndroidManifest.xml:29:5-67
13-->[com.amitshekhar.android:debug-db-base:1.0.6] AndroidManifest.xml:29:22-64
14    <uses-permission android:name="android.permission.ACCESS_WIFI_STATE" />
14-->[com.amitshekhar.android:debug-db-base:1.0.6] AndroidManifest.xml:30:5-76
14-->[com.amitshekhar.android:debug-db-base:1.0.6] AndroidManifest.xml:30:22-73
15    <uses-permission android:name="android.permission.WAKE_LOCK" />
15-->[androidx.work:work-runtime:2.2.0] AndroidManifest.xml:25:5-68
15-->[androidx.work:work-runtime:2.2.0] AndroidManifest.xml:25:22-65
16    <uses-permission android:name="android.permission.ACCESS_NETWORK_STATE" />
16-->[androidx.work:work-runtime:2.2.0] AndroidManifest.xml:26:5-79
16-->[androidx.work:work-runtime:2.2.0] AndroidManifest.xml:26:22-76
17    <uses-permission android:name="android.permission.RECEIVE_BOOT_COMPLETED" />
17-->[androidx.work:work-runtime:2.2.0] AndroidManifest.xml:27:5-81
17-->[androidx.work:work-runtime:2.2.0] AndroidManifest.xml:27:22-78
18
19    <application
19-->src\main\AndroidManifest.xml:7:5-36:19
20        android:name="com.sample.musicx.MainApplication"
20-->src\main\AndroidManifest.xml:8:9-40
21        android:allowBackup="true"
21-->src\main\AndroidManifest.xml:9:9-35
22        android:appComponentFactory="androidx.core.app.CoreComponentFactory"
22-->[androidx.core:core:1.1.0] AndroidManifest.xml:24:18-86
23        android:debuggable="true"
24        android:icon="@mipmap/ic_launcher"
24-->src\main\AndroidManifest.xml:10:9-43
25        android:label="@string/app_name"
25-->src\main\AndroidManifest.xml:11:9-41
26        android:roundIcon="@mipmap/ic_launcher_round"
26-->src\main\AndroidManifest.xml:12:9-54
27        android:supportsRtl="true"
27-->src\main\AndroidManifest.xml:13:9-35
28        android:testOnly="true"
29        android:theme="@style/AppTheme" >
29-->src\main\AndroidManifest.xml:14:9-40
30        <service android:name="com.sample.musicx.service.MusicService" />
30-->src\main\AndroidManifest.xml:16:9-57
30-->src\main\AndroidManifest.xml:16:18-54
31
32        <activity android:name="com.sample.musicx.MainActivity" >
32-->src\main\AndroidManifest.xml:18:9-24:20
32-->src\main\AndroidManifest.xml:18:19-47
33            <intent-filter>
33-->src\main\AndroidManifest.xml:19:13-23:29
34                <action android:name="android.intent.action.MAIN" />
34-->src\main\AndroidManifest.xml:20:17-69
34-->src\main\AndroidManifest.xml:20:25-66
35
36                <category android:name="android.intent.category.LAUNCHER" />
36-->src\main\AndroidManifest.xml:22:17-77
36-->src\main\AndroidManifest.xml:22:27-74
37            </intent-filter>
38        </activity>
39
40        <provider
40-->src\main\AndroidManifest.xml:26:9-34:20
41            android:name="androidx.core.content.FileProvider"
41-->src\main\AndroidManifest.xml:27:13-62
42            android:authorities="com.domain.fileprovider"
42-->src\main\AndroidManifest.xml:28:13-58
43            android:exported="false"
43-->src\main\AndroidManifest.xml:29:13-37
44            android:grantUriPermissions="true" >
44-->src\main\AndroidManifest.xml:30:13-47
45            <meta-data
45-->src\main\AndroidManifest.xml:31:13-33:64
46                android:name="android.support.FILE_PROVIDER_PATHS"
46-->src\main\AndroidManifest.xml:32:17-67
47                android:resource="@xml/file_paths" />
47-->src\main\AndroidManifest.xml:33:17-51
48        </provider>
49        <provider
49-->[com.amitshekhar.android:debug-db:1.0.6] AndroidManifest.xml:12:9-16:40
50            android:name="com.amitshekhar.debug.DebugDBInitProvider"
50-->[com.amitshekhar.android:debug-db:1.0.6] AndroidManifest.xml:13:13-69
51            android:authorities="com.sample.musicx.DebugDBInitProvider"
51-->[com.amitshekhar.android:debug-db:1.0.6] AndroidManifest.xml:14:13-71
52            android:enabled="true"
52-->[com.amitshekhar.android:debug-db:1.0.6] AndroidManifest.xml:15:13-35
53            android:exported="false" />
53-->[com.amitshekhar.android:debug-db:1.0.6] AndroidManifest.xml:16:13-37
54        <provider
54-->[androidx.work:work-runtime:2.2.0] AndroidManifest.xml:30:9-36:35
55            android:name="androidx.work.impl.WorkManagerInitializer"
55-->[androidx.work:work-runtime:2.2.0] AndroidManifest.xml:31:13-69
56            android:authorities="com.sample.musicx.workmanager-init"
56-->[androidx.work:work-runtime:2.2.0] AndroidManifest.xml:32:13-68
57            android:directBootAware="false"
57-->[androidx.work:work-runtime:2.2.0] AndroidManifest.xml:33:13-44
58            android:exported="false"
58-->[androidx.work:work-runtime:2.2.0] AndroidManifest.xml:34:13-37
59            android:multiprocess="true" />
59-->[androidx.work:work-runtime:2.2.0] AndroidManifest.xml:35:13-40
60
61        <service
61-->[androidx.work:work-runtime:2.2.0] AndroidManifest.xml:38:9-43:35
62            android:name="androidx.work.impl.background.systemalarm.SystemAlarmService"
62-->[androidx.work:work-runtime:2.2.0] AndroidManifest.xml:39:13-88
63            android:directBootAware="false"
63-->[androidx.work:work-runtime:2.2.0] AndroidManifest.xml:40:13-44
64            android:enabled="@bool/enable_system_alarm_service_default"
64-->[androidx.work:work-runtime:2.2.0] AndroidManifest.xml:41:13-72
65            android:exported="false" />
65-->[androidx.work:work-runtime:2.2.0] AndroidManifest.xml:42:13-37
66        <service
66-->[androidx.work:work-runtime:2.2.0] AndroidManifest.xml:44:9-50:35
67            android:name="androidx.work.impl.background.systemjob.SystemJobService"
67-->[androidx.work:work-runtime:2.2.0] AndroidManifest.xml:45:13-84
68            android:directBootAware="false"
68-->[androidx.work:work-runtime:2.2.0] AndroidManifest.xml:46:13-44
69            android:enabled="@bool/enable_system_job_service_default"
69-->[androidx.work:work-runtime:2.2.0] AndroidManifest.xml:47:13-70
70            android:exported="true"
70-->[androidx.work:work-runtime:2.2.0] AndroidManifest.xml:48:13-36
71            android:permission="android.permission.BIND_JOB_SERVICE" />
71-->[androidx.work:work-runtime:2.2.0] AndroidManifest.xml:49:13-69
72
73        <receiver
73-->[androidx.work:work-runtime:2.2.0] AndroidManifest.xml:52:9-57:35
74            android:name="androidx.work.impl.utils.ForceStopRunnable$BroadcastReceiver"
74-->[androidx.work:work-runtime:2.2.0] AndroidManifest.xml:53:13-88
75            android:directBootAware="false"
75-->[androidx.work:work-runtime:2.2.0] AndroidManifest.xml:54:13-44
76            android:enabled="true"
76-->[androidx.work:work-runtime:2.2.0] AndroidManifest.xml:55:13-35
77            android:exported="false" />
77-->[androidx.work:work-runtime:2.2.0] AndroidManifest.xml:56:13-37
78        <receiver
78-->[androidx.work:work-runtime:2.2.0] AndroidManifest.xml:58:9-68:20
79            android:name="androidx.work.impl.background.systemalarm.ConstraintProxy$BatteryChargingProxy"
79-->[androidx.work:work-runtime:2.2.0] AndroidManifest.xml:59:13-106
80            android:directBootAware="false"
80-->[androidx.work:work-runtime:2.2.0] AndroidManifest.xml:60:13-44
81            android:enabled="false"
81-->[androidx.work:work-runtime:2.2.0] AndroidManifest.xml:61:13-36
82            android:exported="false" >
82-->[androidx.work:work-runtime:2.2.0] AndroidManifest.xml:62:13-37
83            <intent-filter>
83-->[androidx.work:work-runtime:2.2.0] AndroidManifest.xml:64:13-67:29
84                <action android:name="android.intent.action.ACTION_POWER_CONNECTED" />
84-->[androidx.work:work-runtime:2.2.0] AndroidManifest.xml:65:17-87
84-->[androidx.work:work-runtime:2.2.0] AndroidManifest.xml:65:25-84
85                <action android:name="android.intent.action.ACTION_POWER_DISCONNECTED" />
85-->[androidx.work:work-runtime:2.2.0] AndroidManifest.xml:66:17-90
85-->[androidx.work:work-runtime:2.2.0] AndroidManifest.xml:66:25-87
86            </intent-filter>
87        </receiver>
88        <receiver
88-->[androidx.work:work-runtime:2.2.0] AndroidManifest.xml:69:9-79:20
89            android:name="androidx.work.impl.background.systemalarm.ConstraintProxy$BatteryNotLowProxy"
89-->[androidx.work:work-runtime:2.2.0] AndroidManifest.xml:70:13-104
90            android:directBootAware="false"
90-->[androidx.work:work-runtime:2.2.0] AndroidManifest.xml:71:13-44
91            android:enabled="false"
91-->[androidx.work:work-runtime:2.2.0] AndroidManifest.xml:72:13-36
92            android:exported="false" >
92-->[androidx.work:work-runtime:2.2.0] AndroidManifest.xml:73:13-37
93            <intent-filter>
93-->[androidx.work:work-runtime:2.2.0] AndroidManifest.xml:75:13-78:29
94                <action android:name="android.intent.action.BATTERY_OKAY" />
94-->[androidx.work:work-runtime:2.2.0] AndroidManifest.xml:76:17-77
94-->[androidx.work:work-runtime:2.2.0] AndroidManifest.xml:76:25-74
95                <action android:name="android.intent.action.BATTERY_LOW" />
95-->[androidx.work:work-runtime:2.2.0] AndroidManifest.xml:77:17-76
95-->[androidx.work:work-runtime:2.2.0] AndroidManifest.xml:77:25-73
96            </intent-filter>
97        </receiver>
98        <receiver
98-->[androidx.work:work-runtime:2.2.0] AndroidManifest.xml:80:9-90:20
99            android:name="androidx.work.impl.background.systemalarm.ConstraintProxy$StorageNotLowProxy"
99-->[androidx.work:work-runtime:2.2.0] AndroidManifest.xml:81:13-104
100            android:directBootAware="false"
100-->[androidx.work:work-runtime:2.2.0] AndroidManifest.xml:82:13-44
101            android:enabled="false"
101-->[androidx.work:work-runtime:2.2.0] AndroidManifest.xml:83:13-36
102            android:exported="false" >
102-->[androidx.work:work-runtime:2.2.0] AndroidManifest.xml:84:13-37
103            <intent-filter>
103-->[androidx.work:work-runtime:2.2.0] AndroidManifest.xml:86:13-89:29
104                <action android:name="android.intent.action.DEVICE_STORAGE_LOW" />
104-->[androidx.work:work-runtime:2.2.0] AndroidManifest.xml:87:17-83
104-->[androidx.work:work-runtime:2.2.0] AndroidManifest.xml:87:25-80
105                <action android:name="android.intent.action.DEVICE_STORAGE_OK" />
105-->[androidx.work:work-runtime:2.2.0] AndroidManifest.xml:88:17-82
105-->[androidx.work:work-runtime:2.2.0] AndroidManifest.xml:88:25-79
106            </intent-filter>
107        </receiver>
108        <receiver
108-->[androidx.work:work-runtime:2.2.0] AndroidManifest.xml:91:9-100:20
109            android:name="androidx.work.impl.background.systemalarm.ConstraintProxy$NetworkStateProxy"
109-->[androidx.work:work-runtime:2.2.0] AndroidManifest.xml:92:13-103
110            android:directBootAware="false"
110-->[androidx.work:work-runtime:2.2.0] AndroidManifest.xml:93:13-44
111            android:enabled="false"
111-->[androidx.work:work-runtime:2.2.0] AndroidManifest.xml:94:13-36
112            android:exported="false" >
112-->[androidx.work:work-runtime:2.2.0] AndroidManifest.xml:95:13-37
113            <intent-filter>
113-->[androidx.work:work-runtime:2.2.0] AndroidManifest.xml:97:13-99:29
114                <action android:name="android.net.conn.CONNECTIVITY_CHANGE" />
114-->[androidx.work:work-runtime:2.2.0] AndroidManifest.xml:98:17-79
114-->[androidx.work:work-runtime:2.2.0] AndroidManifest.xml:98:25-76
115            </intent-filter>
116        </receiver>
117        <receiver
117-->[androidx.work:work-runtime:2.2.0] AndroidManifest.xml:101:9-112:20
118            android:name="androidx.work.impl.background.systemalarm.RescheduleReceiver"
118-->[androidx.work:work-runtime:2.2.0] AndroidManifest.xml:102:13-88
119            android:directBootAware="false"
119-->[androidx.work:work-runtime:2.2.0] AndroidManifest.xml:103:13-44
120            android:enabled="false"
120-->[androidx.work:work-runtime:2.2.0] AndroidManifest.xml:104:13-36
121            android:exported="false" >
121-->[androidx.work:work-runtime:2.2.0] AndroidManifest.xml:105:13-37
122            <intent-filter>
122-->[androidx.work:work-runtime:2.2.0] AndroidManifest.xml:107:13-111:29
123                <action android:name="android.intent.action.BOOT_COMPLETED" />
123-->[androidx.work:work-runtime:2.2.0] AndroidManifest.xml:108:17-79
123-->[androidx.work:work-runtime:2.2.0] AndroidManifest.xml:108:25-76
124                <action android:name="android.intent.action.TIME_SET" />
124-->[androidx.work:work-runtime:2.2.0] AndroidManifest.xml:109:17-73
124-->[androidx.work:work-runtime:2.2.0] AndroidManifest.xml:109:25-70
125                <action android:name="android.intent.action.TIMEZONE_CHANGED" />
125-->[androidx.work:work-runtime:2.2.0] AndroidManifest.xml:110:17-81
125-->[androidx.work:work-runtime:2.2.0] AndroidManifest.xml:110:25-78
126            </intent-filter>
127        </receiver>
128        <receiver
128-->[androidx.work:work-runtime:2.2.0] AndroidManifest.xml:113:9-122:20
129            android:name="androidx.work.impl.background.systemalarm.ConstraintProxyUpdateReceiver"
129-->[androidx.work:work-runtime:2.2.0] AndroidManifest.xml:114:13-99
130            android:directBootAware="false"
130-->[androidx.work:work-runtime:2.2.0] AndroidManifest.xml:115:13-44
131            android:enabled="@bool/enable_system_alarm_service_default"
131-->[androidx.work:work-runtime:2.2.0] AndroidManifest.xml:116:13-72
132            android:exported="false" >
132-->[androidx.work:work-runtime:2.2.0] AndroidManifest.xml:117:13-37
133            <intent-filter>
133-->[androidx.work:work-runtime:2.2.0] AndroidManifest.xml:119:13-121:29
134                <action android:name="androidx.work.impl.background.systemalarm.UpdateProxies" />
134-->[androidx.work:work-runtime:2.2.0] AndroidManifest.xml:120:17-98
134-->[androidx.work:work-runtime:2.2.0] AndroidManifest.xml:120:25-95
135            </intent-filter>
136        </receiver>
137
138        <service
138-->[androidx.room:room-runtime:2.2.1] AndroidManifest.xml:25:9-27:40
139            android:name="androidx.room.MultiInstanceInvalidationService"
139-->[androidx.room:room-runtime:2.2.1] AndroidManifest.xml:26:13-74
140            android:exported="false" />
140-->[androidx.room:room-runtime:2.2.1] AndroidManifest.xml:27:13-37
141
142        <provider
142-->[androidx.lifecycle:lifecycle-process:2.1.0] AndroidManifest.xml:23:9-27:43
143            android:name="androidx.lifecycle.ProcessLifecycleOwnerInitializer"
143-->[androidx.lifecycle:lifecycle-process:2.1.0] AndroidManifest.xml:24:13-79
144            android:authorities="com.sample.musicx.lifecycle-process"
144-->[androidx.lifecycle:lifecycle-process:2.1.0] AndroidManifest.xml:25:13-69
145            android:exported="false"
145-->[androidx.lifecycle:lifecycle-process:2.1.0] AndroidManifest.xml:26:13-37
146            android:multiprocess="true" />
146-->[androidx.lifecycle:lifecycle-process:2.1.0] AndroidManifest.xml:27:13-40
147    </application>
148
149</manifest>